# JRE version: OpenJDK Runtime Environment (8.0_152-b02) (build 1.8.0_152-release-1024-b02)
# Java VM: OpenJDK 64-Bit Server VM (25.152-b02 mixed mode windows-amd64 compressed oops)
Heap:
 PSYoungGen      total 388096K, used 102981K [0x00000000e0000000, 0x00000000f9f00000, 0x0000000100000000)
  eden space 357376K, 22% used [0x00000000e0000000,0x00000000e4f5b948,0x00000000f5d00000)
  from space 30720K, 70% used [0x00000000f8100000,0x00000000f9635d50,0x00000000f9f00000)
  to   space 33792K, 0% used [0x00000000f5d00000,0x00000000f5d00000,0x00000000f7e00000)
 ParOldGen       total 287232K, used 50619K [0x00000000a0000000, 0x00000000b1880000, 0x00000000e0000000)
  object space 287232K, 17% used [0x00000000a0000000,0x00000000a316ed70,0x00000000b1880000)
 Metaspace       used 95521K, capacity 101884K, committed 102732K, reserved 1138688K
  class space    used 11772K, capacity 12935K, committed 13184K, reserved 1048576K
GC Heap History (10 events):
Event: 12006.841 GC heap before
{Heap before GC invocations=100 (full 4):
 PSYoungGen      total 335872K, used 322943K [0x00000000e0000000, 0x00000000f8200000, 0x0000000100000000)
  eden space 301568K, 100% used [0x00000000e0000000,0x00000000f2680000,0x00000000f2680000)
  from space 34304K, 62% used [0x00000000f2680000,0x00000000f3b5ff30,0x00000000f4800000)
  to   space 34304K, 0% used [0x00000000f6080000,0x00000000f6080000,0x00000000f8200000)
 ParOldGen       total 287232K, used 50595K [0x00000000a0000000, 0x00000000b1880000, 0x00000000e0000000)
  object space 287232K, 17% used [0x00000000a0000000,0x00000000a3168d70,0x00000000b1880000)
 Metaspace       used 95299K, capacity 101544K, committed 102476K, reserved 1138688K
  class space    used 11767K, capacity 12927K, committed 13184K, reserved 1048576K
Event: 12006.853 GC heap after
Heap after GC invocations=100 (full 4):
 PSYoungGen      total 354816K, used 21739K [0x00000000e0000000, 0x00000000f7f80000, 0x0000000100000000)
  eden space 323072K, 0% used [0x00000000e0000000,0x00000000e0000000,0x00000000f3b80000)
  from space 31744K, 68% used [0x00000000f6080000,0x00000000f75baca0,0x00000000f7f80000)
  to   space 34816K, 0% used [0x00000000f3b80000,0x00000000f3b80000,0x00000000f5d80000)
 ParOldGen       total 287232K, used 50595K [0x00000000a0000000, 0x00000000b1880000, 0x00000000e0000000)
  object space 287232K, 17% used [0x00000000a0000000,0x00000000a3168d70,0x00000000b1880000)
 Metaspace       used 95299K, capacity 101544K, committed 102476K, reserved 1138688K
  class space    used 11767K, capacity 12927K, committed 13184K, reserved 1048576K
}
Event: 12043.822 GC heap before
{Heap before GC invocations=101 (full 4):
 PSYoungGen      total 354816K, used 344811K [0x00000000e0000000, 0x00000000f7f80000, 0x0000000100000000)
  eden space 323072K, 100% used [0x00000000e0000000,0x00000000f3b80000,0x00000000f3b80000)
  from space 31744K, 68% used [0x00000000f6080000,0x00000000f75baca0,0x00000000f7f80000)
  to   space 34816K, 0% used [0x00000000f3b80000,0x00000000f3b80000,0x00000000f5d80000)
 ParOldGen       total 287232K, used 50595K [0x00000000a0000000, 0x00000000b1880000, 0x00000000e0000000)
  object space 287232K, 17% used [0x00000000a0000000,0x00000000a3168d70,0x00000000b1880000)
 Metaspace       used 95376K, capacity 101728K, committed 102476K, reserved 1138688K
  class space    used 11769K, capacity 12931K, committed 13184K, reserved 1048576K
Event: 12043.832 GC heap after
Heap after GC invocations=101 (full 4):
 PSYoungGen      total 357888K, used 19476K [0x00000000e0000000, 0x00000000f9000000, 0x0000000100000000)
  eden space 323072K, 0% used [0x00000000e0000000,0x00000000e0000000,0x00000000f3b80000)
  from space 34816K, 55% used [0x00000000f3b80000,0x00000000f4e85068,0x00000000f5d80000)
  to   space 33792K, 0% used [0x00000000f6f00000,0x00000000f6f00000,0x00000000f9000000)
 ParOldGen       total 287232K, used 50603K [0x00000000a0000000, 0x00000000b1880000, 0x00000000e0000000)
  object space 287232K, 17% used [0x00000000a0000000,0x00000000a316ad70,0x00000000b1880000)
 Metaspace       used 95376K, capacity 101728K, committed 102476K, reserved 1138688K
  class space    used 11769K, capacity 12931K, committed 13184K, reserved 1048576K
}
Event: 12044.891 GC heap before
{Heap before GC invocations=102 (full 4):
 PSYoungGen      total 357888K, used 342479K [0x00000000e0000000, 0x00000000f9000000, 0x0000000100000000)
  eden space 323072K, 99% used [0x00000000e0000000,0x00000000f3b6ef00,0x00000000f3b80000)
  from space 34816K, 55% used [0x00000000f3b80000,0x00000000f4e85068,0x00000000f5d80000)
  to   space 33792K, 0% used [0x00000000f6f00000,0x00000000f6f00000,0x00000000f9000000)
 ParOldGen       total 287232K, used 50603K [0x00000000a0000000, 0x00000000b1880000, 0x00000000e0000000)
  object space 287232K, 17% used [0x00000000a0000000,0x00000000a316ad70,0x00000000b1880000)
 Metaspace       used 95378K, capacity 101728K, committed 102476K, reserved 1138688K
  class space    used 11769K, capacity 12931K, committed 13184K, reserved 1048576K
Event: 12044.900 GC heap after
Heap after GC invocations=102 (full 4):
 PSYoungGen      total 375808K, used 20811K [0x00000000e0000000, 0x00000000f9280000, 0x0000000100000000)
  eden space 342016K, 0% used [0x00000000e0000000,0x00000000e0000000,0x00000000f4e00000)
  from space 33792K, 61% used [0x00000000f6f00000,0x00000000f8352d30,0x00000000f9000000)
  to   space 33792K, 0% used [0x00000000f4e00000,0x00000000f4e00000,0x00000000f6f00000)
 ParOldGen       total 287232K, used 50603K [0x00000000a0000000, 0x00000000b1880000, 0x00000000e0000000)
  object space 287232K, 17% used [0x00000000a0000000,0x00000000a316ad70,0x00000000b1880000)
 Metaspace       used 95378K, capacity 101728K, committed 102476K, reserved 1138688K
  class space    used 11769K, capacity 12931K, committed 13184K, reserved 1048576K
}
Event: 12095.488 GC heap before
{Heap before GC invocations=103 (full 4):
 PSYoungGen      total 375808K, used 362145K [0x00000000e0000000, 0x00000000f9280000, 0x0000000100000000)
  eden space 342016K, 99% used [0x00000000e0000000,0x00000000f4d55a48,0x00000000f4e00000)
  from space 33792K, 61% used [0x00000000f6f00000,0x00000000f8352d30,0x00000000f9000000)
  to   space 33792K, 0% used [0x00000000f4e00000,0x00000000f4e00000,0x00000000f6f00000)
 ParOldGen       total 287232K, used 50603K [0x00000000a0000000, 0x00000000b1880000, 0x00000000e0000000)
  object space 287232K, 17% used [0x00000000a0000000,0x00000000a316ad70,0x00000000b1880000)
 Metaspace       used 95408K, capacity 101728K, committed 102476K, reserved 1138688K
  class space    used 11769K, capacity 12931K, committed 13184K, reserved 1048576K
Event: 12095.497 GC heap after
Heap after GC invocations=103 (full 4):
 PSYoungGen      total 375808K, used 21439K [0x00000000e0000000, 0x00000000fa200000, 0x0000000100000000)
  eden space 342016K, 0% used [0x00000000e0000000,0x00000000e0000000,0x00000000f4e00000)
  from space 33792K, 63% used [0x00000000f4e00000,0x00000000f62eff10,0x00000000f6f00000)
  to   space 33792K, 0% used [0x00000000f8100000,0x00000000f8100000,0x00000000fa200000)
 ParOldGen       total 287232K, used 50611K [0x00000000a0000000, 0x00000000b1880000, 0x00000000e0000000)
  object space 287232K, 17% used [0x00000000a0000000,0x00000000a316cd70,0x00000000b1880000)
 Metaspace       used 95408K, capacity 101728K, committed 102476K, reserved 1138688K
  class space    used 11769K, capacity 12931K, committed 13184K, reserved 1048576K
}
Event: 12147.771 GC heap before
{Heap before GC invocations=104 (full 4):
 PSYoungGen      total 375808K, used 363455K [0x00000000e0000000, 0x00000000fa200000, 0x0000000100000000)
  eden space 342016K, 100% used [0x00000000e0000000,0x00000000f4e00000,0x00000000f4e00000)
  from space 33792K, 63% used [0x00000000f4e00000,0x00000000f62eff10,0x00000000f6f00000)
  to   space 33792K, 0% used [0x00000000f8100000,0x00000000f8100000,0x00000000fa200000)
 ParOldGen       total 287232K, used 50611K [0x00000000a0000000, 0x00000000b1880000, 0x00000000e0000000)
  object space 287232K, 17% used [0x00000000a0000000,0x00000000a316cd70,0x00000000b1880000)
 Metaspace       used 95503K, capacity 101872K, committed 102732K, reserved 1138688K
  class space    used 11771K, capacity 12933K, committed 13184K, reserved 1048576K
Event: 12147.790 GC heap after
Heap after GC invocations=104 (full 4):
 PSYoungGen      total 388096K, used 21719K [0x00000000e0000000, 0x00000000f9f00000, 0x0000000100000000)
  eden space 357376K, 0% used [0x00000000e0000000,0x00000000e0000000,0x00000000f5d00000)
  from space 30720K, 70% used [0x00000000f8100000,0x00000000f9635d50,0x00000000f9f00000)
  to   space 33792K, 0% used [0x00000000f5d00000,0x00000000f5d00000,0x00000000f7e00000)
 ParOldGen       total 287232K, used 50619K [0x00000000a0000000, 0x00000000b1880000, 0x00000000e0000000)
  object space 287232K, 17% used [0x00000000a0000000,0x00000000a316ed70,0x00000000b1880000)
 Metaspace       used 95503K, capacity 101872K, committed 102732K, reserved 1138688K
  class space    used 11771K, capacity 12933K, committed 13184K, reserved 1048576K
}

